<?xml version="1.0" encoding="UTF-8"?>
<testng-results skipped="0" failed="0" ignored="0" total="6" passed="6">
  <reporter-output>
  </reporter-output>
  <suite name="AllTestsSuite" duration-ms="118154" started-at="2022-01-07T11:51:07 CET" finished-at="2022-01-07T11:53:05 CET">
    <groups>
    </groups>
    <test name="TestCalculatingMonthlyIncome" duration-ms="27257" started-at="2022-01-07T11:51:07 CET" finished-at="2022-01-07T11:51:34 CET">
      <class name="TestCalculatingMonthlyIncome">
        <test-method status="PASS" signature="setUp()[pri:0, instance:TestCalculatingMonthlyIncome@587c290d]" name="setUp" is-config="true" duration-ms="23484" started-at="2022-01-07T11:51:07 CET" finished-at="2022-01-07T11:51:30 CET">
          <reporter-output>
          </reporter-output>
        </test-method> <!-- setUp -->
        <test-method status="PASS" signature="testCalculatingMonthlyIncome()[pri:0, instance:TestCalculatingMonthlyIncome@587c290d]" name="testCalculatingMonthlyIncome" duration-ms="3237" started-at="2022-01-07T11:51:30 CET" finished-at="2022-01-07T11:51:34 CET">
          <reporter-output>
          </reporter-output>
        </test-method> <!-- testCalculatingMonthlyIncome -->
        <test-method status="PASS" signature="teardown()[pri:0, instance:TestCalculatingMonthlyIncome@587c290d]" name="teardown" is-config="true" duration-ms="511" started-at="2022-01-07T11:51:34 CET" finished-at="2022-01-07T11:51:34 CET">
          <reporter-output>
          </reporter-output>
        </test-method> <!-- teardown -->
      </class> <!-- TestCalculatingMonthlyIncome -->
    </test> <!-- TestCalculatingMonthlyIncome -->
    <test name="TestDeletingRecord" duration-ms="33793" started-at="2022-01-07T11:51:34 CET" finished-at="2022-01-07T11:52:08 CET">
      <class name="TestDeletingRecord">
        <test-method status="PASS" signature="setUp()[pri:0, instance:TestDeletingRecord@17baae6e]" name="setUp" is-config="true" duration-ms="15268" started-at="2022-01-07T11:51:34 CET" finished-at="2022-01-07T11:51:49 CET">
          <reporter-output>
          </reporter-output>
        </test-method> <!-- setUp -->
        <test-method status="PASS" signature="testDeletingRecord()[pri:0, instance:TestDeletingRecord@17baae6e]" name="testDeletingRecord" duration-ms="18125" started-at="2022-01-07T11:51:49 CET" finished-at="2022-01-07T11:52:08 CET">
          <reporter-output>
          </reporter-output>
        </test-method> <!-- testDeletingRecord -->
        <test-method status="PASS" signature="teardown()[pri:0, instance:TestDeletingRecord@17baae6e]" name="teardown" is-config="true" duration-ms="397" started-at="2022-01-07T11:52:08 CET" finished-at="2022-01-07T11:52:08 CET">
          <reporter-output>
          </reporter-output>
        </test-method> <!-- teardown -->
      </class> <!-- TestDeletingRecord -->
    </test> <!-- TestDeletingRecord -->
    <test name="TestAddingNewShiftWithEmptyObligatoryField" duration-ms="15711" started-at="2022-01-07T11:52:08 CET" finished-at="2022-01-07T11:52:24 CET">
      <class name="TestAddingNewShiftWithEmptyObligatoryField">
        <test-method status="PASS" signature="setUp()[pri:0, instance:TestAddingNewShiftWithEmptyObligatoryField@4f51b3e0]" name="setUp" is-config="true" duration-ms="6787" started-at="2022-01-07T11:52:08 CET" finished-at="2022-01-07T11:52:15 CET">
          <reporter-output>
          </reporter-output>
        </test-method> <!-- setUp -->
        <test-method status="PASS" signature="testAddingNewShiftWithEmptyObligatoryField()[pri:0, instance:TestAddingNewShiftWithEmptyObligatoryField@4f51b3e0]" name="testAddingNewShiftWithEmptyObligatoryField" duration-ms="8448" started-at="2022-01-07T11:52:15 CET" finished-at="2022-01-07T11:52:23 CET">
          <reporter-output>
          </reporter-output>
        </test-method> <!-- testAddingNewShiftWithEmptyObligatoryField -->
        <test-method status="PASS" signature="teardown()[pri:0, instance:TestAddingNewShiftWithEmptyObligatoryField@4f51b3e0]" name="teardown" is-config="true" duration-ms="476" started-at="2022-01-07T11:52:23 CET" finished-at="2022-01-07T11:52:24 CET">
          <reporter-output>
          </reporter-output>
        </test-method> <!-- teardown -->
      </class> <!-- TestAddingNewShiftWithEmptyObligatoryField -->
    </test> <!-- TestAddingNewShiftWithEmptyObligatoryField -->
    <test name="TestCalculatingShiftSum" duration-ms="15911" started-at="2022-01-07T11:52:24 CET" finished-at="2022-01-07T11:52:40 CET">
      <class name="TestCalculatingShiftSum">
        <test-method status="PASS" signature="setUp()[pri:0, instance:TestCalculatingShiftSum@1cab0bfb]" name="setUp" is-config="true" duration-ms="6813" started-at="2022-01-07T11:52:24 CET" finished-at="2022-01-07T11:52:31 CET">
          <reporter-output>
          </reporter-output>
        </test-method> <!-- setUp -->
        <test-method status="PASS" signature="tesCalculatingShiftSum()[pri:0, instance:TestCalculatingShiftSum@1cab0bfb]" name="tesCalculatingShiftSum" duration-ms="8662" started-at="2022-01-07T11:52:31 CET" finished-at="2022-01-07T11:52:39 CET">
          <reporter-output>
          </reporter-output>
        </test-method> <!-- tesCalculatingShiftSum -->
        <test-method status="PASS" signature="teardown()[pri:0, instance:TestCalculatingShiftSum@1cab0bfb]" name="teardown" is-config="true" duration-ms="432" started-at="2022-01-07T11:52:39 CET" finished-at="2022-01-07T11:52:40 CET">
          <reporter-output>
          </reporter-output>
        </test-method> <!-- teardown -->
      </class> <!-- TestCalculatingShiftSum -->
    </test> <!-- TestCalculatingShiftSum -->
    <test name="TestAddingNewShift" duration-ms="15842" started-at="2022-01-07T11:52:40 CET" finished-at="2022-01-07T11:52:55 CET">
      <class name="TestAddingNewShift">
        <test-method status="PASS" signature="setUp()[pri:0, instance:TestAddingNewShift@dbd940d]" name="setUp" is-config="true" duration-ms="6784" started-at="2022-01-07T11:52:40 CET" finished-at="2022-01-07T11:52:46 CET">
          <reporter-output>
          </reporter-output>
        </test-method> <!-- setUp -->
        <test-method status="PASS" signature="testAddingNewShift()[pri:0, instance:TestAddingNewShift@dbd940d]" name="testAddingNewShift" duration-ms="8627" started-at="2022-01-07T11:52:46 CET" finished-at="2022-01-07T11:52:55 CET">
          <reporter-output>
          </reporter-output>
        </test-method> <!-- testAddingNewShift -->
        <test-method status="PASS" signature="teardown()[pri:0, instance:TestAddingNewShift@dbd940d]" name="teardown" is-config="true" duration-ms="431" started-at="2022-01-07T11:52:55 CET" finished-at="2022-01-07T11:52:55 CET">
          <reporter-output>
          </reporter-output>
        </test-method> <!-- teardown -->
      </class> <!-- TestAddingNewShift -->
    </test> <!-- TestAddingNewShift -->
    <test name="TestAppWhileIncomingCall" duration-ms="0" started-at="2022-01-07T11:52:56 CET" finished-at="2022-01-07T11:52:56 CET">
    </test> <!-- TestAppWhileIncomingCall -->
    <test name="TestCalculateMonthlyIncomeWithoutData" duration-ms="9475" started-at="2022-01-07T11:52:56 CET" finished-at="2022-01-07T11:53:05 CET">
      <class name="TestCalculateMonthlyIncomeWithoutData">
        <test-method status="PASS" signature="setUp()[pri:0, instance:TestCalculateMonthlyIncomeWithoutData@1efee8e7]" name="setUp" is-config="true" duration-ms="6880" started-at="2022-01-07T11:52:56 CET" finished-at="2022-01-07T11:53:02 CET">
          <reporter-output>
          </reporter-output>
        </test-method> <!-- setUp -->
        <test-method status="PASS" signature="testCalculateWithoutData()[pri:0, instance:TestCalculateMonthlyIncomeWithoutData@1efee8e7]" name="testCalculateWithoutData" duration-ms="2134" started-at="2022-01-07T11:53:02 CET" finished-at="2022-01-07T11:53:05 CET">
          <reporter-output>
          </reporter-output>
        </test-method> <!-- testCalculateWithoutData -->
        <test-method status="PASS" signature="teardown()[pri:0, instance:TestCalculateMonthlyIncomeWithoutData@1efee8e7]" name="teardown" is-config="true" duration-ms="459" started-at="2022-01-07T11:53:05 CET" finished-at="2022-01-07T11:53:05 CET">
          <reporter-output>
          </reporter-output>
        </test-method> <!-- teardown -->
      </class> <!-- TestCalculateMonthlyIncomeWithoutData -->
    </test> <!-- TestCalculateMonthlyIncomeWithoutData -->
  </suite> <!-- AllTestsSuite -->
</testng-results>
